Gevonden 224 producten zonder afbeeldingen
Start scraping alle missende product afbeeldingen...

Totaal te scrapen: 224 producten

[2616] Scrapen: Mega Kerstboeket - L
  URL: https://www.bloemenvandegier.nl/product/mega-kerstboeket-l
[2620] Scrapen: Mega Kerstboeket - XXL
  URL: https://www.bloemenvandegier.nl/product/mega-kerstboeket-xxl
[2639] Scrapen: Witte Tulpen - 100
  URL: https://www.bloemenvandegier.nl/product/witte-tulpen-100
  ✗ Product niet gevonden op live site (404)
  ✗ Product niet gevonden op live site (404)
  ✗ Product niet gevonden op live site (404)

--- Batch 1 voltooid (1.3%), wachten 3 seconden... ---

[2640] Scrapen: Witte Tulpen - 30
  URL: https://www.bloemenvandegier.nl/product/witte-tulpen-30
[2641] Scrapen: Witte Tulpen - 50
  URL: https://www.bloemenvandegier.nl/product/witte-tulpen-50
[2642] Scrapen: Rode Tulpen - 30
  URL: https://www.bloemenvandegier.nl/product/rode-tulpen-30
  ✗ Product niet gevonden op live site (404)
  ✗ Product niet gevonden op live site (404)
  ✗ Product niet gevonden op live site (404)

--- Batch 2 voltooid (2.7%), wachten 3 seconden... ---

[2643] Scrapen: Rode Tulpen - 50
  URL: https://www.bloemenvandegier.nl/product/rode-tulpen-50
[2648] Scrapen: Rode Tulpen - 100
  URL: https://www.bloemenvandegier.nl/product/rode-tulpen-100
[2654] Scrapen: Gemengde Tulpen - 30
  URL: https://www.bloemenvandegier.nl/product/gemengde-tulpen-30
  ✗ Product niet gevonden op live site (404)
  ✗ Product niet gevonden op live site (404)
  ✗ Product niet gevonden op live site (404)

--- Batch 3 voltooid (4.0%), wachten 3 seconden... ---

[2655] Scrapen: Gemengde Tulpen - 50
  URL: https://www.bloemenvandegier.nl/product/gemengde-tulpen-50
[2661] Scrapen: Gemengde Tulpen - 100
  URL: https://www.bloemenvandegier.nl/product/gemengde-tulpen-100
[2666] Scrapen: Oranje Tulpen - 30
  URL: https://www.bloemenvandegier.nl/product/oranje-tulpen-30
  ✗ Product niet gevonden op live site (404)
  ✗ Product niet gevonden op live site (404)
  ✗ Product niet gevonden op live site (404)

--- Batch 4 voltooid (5.4%), wachten 3 seconden... ---

[2667] Scrapen: Oranje Tulpen - 100
  URL: https://www.bloemenvandegier.nl/product/oranje-tulpen-100
[2678] Scrapen: Oranje Tulpen - 50
  URL: https://www.bloemenvandegier.nl/product/oranje-tulpen-50
[2680] Scrapen: Roze Tulpen - 30
  URL: https://www.bloemenvandegier.nl/product/roze-tulpen-30
  ✗ Product niet gevonden op live site (404)
  ✗ Product niet gevonden op live site (404)
  ✗ Product niet gevonden op live site (404)

--- Batch 5 voltooid (6.7%), wachten 3 seconden... ---

[2681] Scrapen: Roze Tulpen - 50
  URL: https://www.bloemenvandegier.nl/product/roze-tulpen-50
[2682] Scrapen: Roze Tulpen - 100
  URL: https://www.bloemenvandegier.nl/product/roze-tulpen-100
[2690] Scrapen: Paarse Tulpen - 30
  URL: https://www.bloemenvandegier.nl/product/paarse-tulpen-30
  ✗ Product niet gevonden op live site (404)
  ✗ Product niet gevonden op live site (404)
  ✗ Product niet gevonden op live site (404)

--- Batch 6 voltooid (8.0%), wachten 3 seconden... ---

[2691] Scrapen: Paarse Tulpen - 50
  URL: https://www.bloemenvandegier.nl/product/paarse-tulpen-50
[2692] Scrapen: Paarse Tulpen - 100
  URL: https://www.bloemenvandegier.nl/product/paarse-tulpen-100
[2694] Scrapen: Rood Gele Tulpen - 30
  URL: https://www.bloemenvandegier.nl/product/rood-gele-tulpen-30
  ✗ Product niet gevonden op live site (404)
  ✗ Product niet gevonden op live site (404)
  ✗ Product niet gevonden op live site (404)

--- Batch 7 voltooid (9.4%), wachten 3 seconden... ---

[2703] Scrapen: Rood Gele Tulpen - 50
  URL: https://www.bloemenvandegier.nl/product/rood-gele-tulpen-50
[2704] Scrapen: Rood Gele Tulpen - 100
  URL: https://www.bloemenvandegier.nl/product/rood-gele-tulpen-100
[2706] Scrapen: Dubbele Tulp Flashpoint - 30
  URL: https://www.bloemenvandegier.nl/product/dubbele-tulp-flashpoint-30
  ✗ Fout: socket hang up
  ✗ Fout: socket hang up
  ✗ Fout: socket hang up

--- Batch 8 voltooid (10.7%), wachten 3 seconden... ---

[2707] Scrapen: Dubbele Tulp Flashpoint - 50
  URL: https://www.bloemenvandegier.nl/product/dubbele-tulp-flashpoint-50
[2708] Scrapen: Dubbele Tulp Flashpoint - 100
  URL: https://www.bloemenvandegier.nl/product/dubbele-tulp-flashpoint-100
[2710] Scrapen: Dubbele Tulpen Gemengd - 30
  URL: https://www.bloemenvandegier.nl/product/dubbele-tulpen-gemengd-30
  ✗ Product niet gevonden op live site (404)
  ✗ Product niet gevonden op live site (404)
  ✗ Product niet gevonden op live site (404)

--- Batch 9 voltooid (12.1%), wachten 3 seconden... ---

[2714] Scrapen: Dubbele Tulpen Gemengd - 50
  URL: https://www.bloemenvandegier.nl/product/dubbele-tulpen-gemengd-50
[2715] Scrapen: Dubbele Tulpen Gemengd - 100
  URL: https://www.bloemenvandegier.nl/product/dubbele-tulpen-gemengd-100
[2717] Scrapen: Dubbele Tulpen Warm Rood - 30
  URL: https://www.bloemenvandegier.nl/product/dubbele-tulpen-warm-rood-30
  ✗ Product niet gevonden op live site (404)
  ✗ Product niet gevonden op live site (404)
  ✗ Product niet gevonden op live site (404)

--- Batch 10 voltooid (13.4%), wachten 3 seconden... ---

[2718] Scrapen: Dubbele Tulpen Warm Rood - 50
  URL: https://www.bloemenvandegier.nl/product/dubbele-tulpen-warm-rood-50
[2719] Scrapen: Dubbele Tulpen Warm Rood - 100
  URL: https://www.bloemenvandegier.nl/product/dubbele-tulpen-warm-rood-100
[2721] Scrapen: Dubbele Tulpen Roze Crème - 30
  URL: https://www.bloemenvandegier.nl/product/dubbele-tulpen-roze-creme-30
  ✗ Product niet gevonden op live site (404)
  ✗ Product niet gevonden op live site (404)
  ✗ Product niet gevonden op live site (404)

--- Batch 11 voltooid (14.7%), wachten 3 seconden... ---

[2722] Scrapen: Dubbele Tulpen Roze Crème - 50
  URL: https://www.bloemenvandegier.nl/product/dubbele-tulpen-roze-creme-50
[2723] Scrapen: Dubbele Tulpen Roze Crème - 100
  URL: https://www.bloemenvandegier.nl/product/dubbele-tulpen-roze-creme-100
[2733] Scrapen: Gele Ranonkels XL - 10
  URL: https://www.bloemenvandegier.nl/product/gele-ranonkels-xl-10
  ✗ Product niet gevonden op live site (404)
  ✗ Product niet gevonden op live site (404)
  ✗ Product niet gevonden op live site (404)

--- Batch 12 voltooid (16.1%), wachten 3 seconden... ---

[2734] Scrapen: Gele Ranonkels XL - 20
  URL: https://www.bloemenvandegier.nl/product/gele-ranonkels-xl-20
[2735] Scrapen: Gele Ranonkels XL - 30
  URL: https://www.bloemenvandegier.nl/product/gele-ranonkels-xl-30
[2736] Scrapen: Gele Ranonkels XL - 50
  URL: https://www.bloemenvandegier.nl/product/gele-ranonkels-xl-50
  ✗ Product niet gevonden op live site (404)
  ✗ Product niet gevonden op live site (404)
  ✗ Product niet gevonden op live site (404)

--- Batch 13 voltooid (17.4%), wachten 3 seconden... ---

[2738] Scrapen: Witte Ranonkels XL - 10
  URL: https://www.bloemenvandegier.nl/product/witte-ranonkels-xl-10
[2739] Scrapen: Witte Ranonkels XL - 20
  URL: https://www.bloemenvandegier.nl/product/witte-ranonkels-xl-20
[2743] Scrapen: Pastel Roze Ranonkels XL - 10
  URL: https://www.bloemenvandegier.nl/product/pastel-roze-ranonkels-10
  ✗ Product niet gevonden op live site (404)
  ✗ Product niet gevonden op live site (404)
  ✗ Product niet gevonden op live site (404)

--- Batch 14 voltooid (18.8%), wachten 3 seconden... ---

[2744] Scrapen: Pastel Roze Ranonkels XL - 20
  URL: https://www.bloemenvandegier.nl/product/pastel-roze-ranonkels-20
[2749] Scrapen: Pastel Roze Ranonkels XL - 30
  URL: https://www.bloemenvandegier.nl/product/pastel-roze-ranonkels-30
[2750] Scrapen: Pastel Roze Ranonkels XL - 50
  URL: https://www.bloemenvandegier.nl/product/pastel-roze-ranonkels-50
  ✗ Product niet gevonden op live site (404)
  ✗ Product niet gevonden op live site (404)
  ✗ Product niet gevonden op live site (404)

--- Batch 15 voltooid (20.1%), wachten 3 seconden... ---

[2757] Scrapen: Licht Roze Ranonkels XL - 10
  URL: https://www.bloemenvandegier.nl/product/licht-roze-ranonkels-xl-10
[2758] Scrapen: Licht Roze Ranonkels XL - 20
  URL: https://www.bloemenvandegier.nl/product/licht-roze-ranonkels-xl-20
[2759] Scrapen: Licht Roze Ranonkels XL - 30
  URL: https://www.bloemenvandegier.nl/product/licht-roze-ranonkels-xl-30
  ✗ Product niet gevonden op live site (404)
  ✗ Product niet gevonden op live site (404)
  ✗ Product niet gevonden op live site (404)

--- Batch 16 voltooid (21.4%), wachten 3 seconden... ---

[2760] Scrapen: Licht Roze Ranonkels XL - 50
  URL: https://www.bloemenvandegier.nl/product/licht-roze-ranonkels-xl-50
[2766] Scrapen: Blauwe Hyacinten - 15
  URL: https://www.bloemenvandegier.nl/product/blauwe-hyacinten-15
[2767] Scrapen: Blauwe Hyacinten - 25
  URL: https://www.bloemenvandegier.nl/product/blauwe-hyacinten-25
  ✗ Product niet gevonden op live site (404)
  ✗ Product niet gevonden op live site (404)
  ✗ Product niet gevonden op live site (404)

--- Batch 17 voltooid (22.8%), wachten 3 seconden... ---

[2769] Scrapen: Gemengde Hyacinten - 15
  URL: https://www.bloemenvandegier.nl/product/gemengde-hyacinten-15
[2770] Scrapen: Gemengde Hyacinten - 25
  URL: https://www.bloemenvandegier.nl/product/gemengde-hyacinten-25
[2773] Scrapen: Banksia Harige Harry - 1
  URL: https://www.bloemenvandegier.nl/product/banksia-harige-harry-1
  ✗ Product niet gevonden op live site (404)
  ✗ Product niet gevonden op live site (404)
  ✗ Product niet gevonden op live site (404)

--- Batch 18 voltooid (24.1%), wachten 3 seconden... ---

[2774] Scrapen: Banksia Harige Harry - 2
  URL: https://www.bloemenvandegier.nl/product/banksia-harige-harry-2
[2775] Scrapen: Banksia Harige Harry - 3
  URL: https://www.bloemenvandegier.nl/product/banksia-harige-harry-3
[2777] Scrapen: Monstera Blad (gatenplant) - 3
  URL: https://www.bloemenvandegier.nl/product/monstera-blad-gatenplant-3
  ✗ Product niet gevonden op live site (404)
  ✗ Product niet gevonden op live site (404)
  ✗ Product niet gevonden op live site (404)

--- Batch 19 voltooid (25.4%), wachten 3 seconden... ---

[2778] Scrapen: Monstera Blad (gatenplant) - 10
  URL: https://www.bloemenvandegier.nl/product/monstera-blad-gatenplant-10
[2804] Scrapen: Wilgenkatjes (70-90cm) - 30
  URL: https://www.bloemenvandegier.nl/product/wilgenkatjes-70-90cm-30
[2805] Scrapen: Wilgenkatjes (70-90cm) - 50
  URL: https://www.bloemenvandegier.nl/product/wilgenkatjes-70-90cm-50
  ✗ Product niet gevonden op live site (404)
  ✗ Product niet gevonden op live site (404)
  ✗ Product niet gevonden op live site (404)

--- Batch 20 voltooid (26.8%), wachten 3 seconden... ---

[2806] Scrapen: Wilgenkatjes (70-90cm) - 100
  URL: https://www.bloemenvandegier.nl/product/wilgenkatjes-70-90cm-100
[2820] Scrapen: Gele Tulpen - 30
  URL: https://www.bloemenvandegier.nl/product/gele-tulpen-30
[2821] Scrapen: Gele Tulpen - 50
  URL: https://www.bloemenvandegier.nl/product/gele-tulpen-50
  ✗ Product niet gevonden op live site (404)
  ✗ Product niet gevonden op live site (404)
  ✗ Product niet gevonden op live site (404)

--- Batch 21 voltooid (28.1%), wachten 3 seconden... ---

[2822] Scrapen: Gele Tulpen - 100
  URL: https://www.bloemenvandegier.nl/product/gele-tulpen-100
[59882] Scrapen: Monstera Blad (gatenplant) - 5
  URL: https://www.bloemenvandegier.nl/product/monstera-blad-gatenplant-5
[61475] Scrapen: Allium Gladiator XXL - 5
  URL: https://www.bloemenvandegier.nl/product/allium-gladiator-xxl-5
  ✗ Product niet gevonden op live site (404)
  ✗ Product niet gevonden op live site (404)
  ✗ Product niet gevonden op live site (404)

--- Batch 22 voltooid (29.5%), wachten 3 seconden... ---

[61476] Scrapen: Allium Gladiator XXL - 10
  URL: https://www.bloemenvandegier.nl/product/allium-gladiator-xxl-10
[62337] Scrapen: Strelitzia - 20
  URL: https://www.bloemenvandegier.nl/product/strelitzia-20
[62338] Scrapen: Strelitzia - 10
  URL: https://www.bloemenvandegier.nl/product/strelitzia-10
  ✗ Product niet gevonden op live site (404)
  ✗ Product niet gevonden op live site (404)
  ✗ Product niet gevonden op live site (404)

--- Batch 23 voltooid (30.8%), wachten 3 seconden... ---

[62339] Scrapen: Strelitzia - 5
  URL: https://www.bloemenvandegier.nl/product/strelitzia-5
[64101] Scrapen: Hortensia Pimpernel XXL - 1
  URL: https://www.bloemenvandegier.nl/product/hortensia-pimpernel-xxl-1
[64102] Scrapen: Hortensia Pimpernel XXL - 3
  URL: https://www.bloemenvandegier.nl/product/hortensia-pimpernel-xxl-3
  ✗ Product niet gevonden op live site (404)
  ✗ Product niet gevonden op live site (404)
  ✗ Product niet gevonden op live site (404)

--- Batch 24 voltooid (32.1%), wachten 3 seconden... ---

[64261] Scrapen: Pepperberries - 1 bos
  URL: https://www.bloemenvandegier.nl/product/pepperberries-1-bos
[64262] Scrapen: Pepperberries - 2 bossen
  URL: https://www.bloemenvandegier.nl/product/pepperberries-2-bossen
[65074] Scrapen: Mos test
  URL: https://www.bloemenvandegier.nl/product/mos-bundel
  ✗ Product niet gevonden op live site (404)
  ✗ Product niet gevonden op live site (404)
  ✗ Product niet gevonden op live site (404)

--- Batch 25 voltooid (33.5%), wachten 3 seconden... ---

[65460] Scrapen: Kurkeik - Schors - 8 (heel pak)
  URL: https://www.bloemenvandegier.nl/product/kurkeik-schors-8-heel-pak
[65461] Scrapen: Kurkeik - Schors - 4 (half pak)
  URL: https://www.bloemenvandegier.nl/product/kurkeik-schors-4-half-pak
[65758] Scrapen: Hortensia Herfstkleur XXL - 5
  URL: https://www.bloemenvandegier.nl/product/hortensia-herfstkleur-xxl-5
  ✗ Product niet gevonden op live site (404)
  ✗ Product niet gevonden op live site (404)
  ✗ Product niet gevonden op live site (404)

--- Batch 26 voltooid (34.8%), wachten 3 seconden... ---

[65759] Scrapen: Hortensia Herfstkleur XXL - 3
  URL: https://www.bloemenvandegier.nl/product/hortensia-herfstkleur-xxl-3
[65946] Scrapen: Katoentakken 10 - 12 bollen! - 10
  URL: https://www.bloemenvandegier.nl/product/katoentakken-10-12-bollen-10
[65947] Scrapen: Katoentakken 10 - 12 bollen! - 5
  URL: https://www.bloemenvandegier.nl/product/katoentakken-10-12-bollen-5
  ✗ Product niet gevonden op live site (404)
  ✗ Product niet gevonden op live site (404)
  ✗ Product niet gevonden op live site (404)

--- Batch 27 voltooid (36.2%), wachten 3 seconden... ---

[65948] Scrapen: Katoentakken 10 - 12 bollen! - 3
  URL: https://www.bloemenvandegier.nl/product/katoentakken-10-12-bollen-3
[65963] Scrapen: Diplocyclos - 6 meter (hele bak)
  URL: https://www.bloemenvandegier.nl/product/diplocyclos-6-meter-hele-bak
[65964] Scrapen: Diplocyclos - 3 meter (halve bak)
  URL: https://www.bloemenvandegier.nl/product/diplocyclos-3-meter-halve-bak
  ✗ Product niet gevonden op live site (404)
  ✗ Product niet gevonden op live site (404)
  ✗ Product niet gevonden op live site (404)

--- Batch 28 voltooid (37.5%), wachten 3 seconden... ---

[66409] Scrapen: Verse Olijftakken - 10 Bossen
  URL: https://www.bloemenvandegier.nl/product/verse-olijftakken-10-bossen
[66410] Scrapen: Verse Olijftakken - 5 Bossen
  URL: https://www.bloemenvandegier.nl/product/verse-olijftakken-5-bossen
[66781] Scrapen: Rode Rozen
  URL: https://www.bloemenvandegier.nl/product/product
  ✗ Fout: HTTP 301: https://www.bloemenvandegier.nl/product/product
  ✗ Product niet gevonden op live site (404)
  ✗ Product niet gevonden op live site (404)

--- Batch 29 voltooid (38.8%), wachten 3 seconden... ---

[66976] Scrapen: De Gier Abonnementen
  URL: https://www.bloemenvandegier.nl/product/de-gier-abonnementen
[66977] Scrapen: De Gier Abonnementen
  URL: https://www.bloemenvandegier.nl/product/de-gier-abonnementen
[66978] Scrapen: De Gier Abonnementen
  URL: https://www.bloemenvandegier.nl/product/de-gier-abonnementen
  ✗ Product niet gevonden op live site (404)
  ✗ Product niet gevonden op live site (404)
  ✗ Product niet gevonden op live site (404)

--- Batch 30 voltooid (40.2%), wachten 3 seconden... ---

[66979] Scrapen: De Gier Abonnementen
  URL: https://www.bloemenvandegier.nl/product/de-gier-abonnementen
[66980] Scrapen: De Gier Abonnementen
  URL: https://www.bloemenvandegier.nl/product/de-gier-abonnementen
[66981] Scrapen: De Gier Abonnementen
  URL: https://www.bloemenvandegier.nl/product/de-gier-abonnementen
  ✗ Product niet gevonden op live site (404)
  ✗ Product niet gevonden op live site (404)
  ✗ Product niet gevonden op live site (404)

--- Batch 31 voltooid (41.5%), wachten 3 seconden... ---

[66982] Scrapen: De Gier Abonnementen
  URL: https://www.bloemenvandegier.nl/product/de-gier-abonnementen
[66983] Scrapen: De Gier Abonnementen
  URL: https://www.bloemenvandegier.nl/product/de-gier-abonnementen
[66984] Scrapen: De Gier Abonnementen
  URL: https://www.bloemenvandegier.nl/product/de-gier-abonnementen
  ✗ Product niet gevonden op live site (404)
  ✗ Product niet gevonden op live site (404)
  ✗ Product niet gevonden op live site (404)

--- Batch 32 voltooid (42.9%), wachten 3 seconden... ---

[66985] Scrapen: De Gier Abonnementen
  URL: https://www.bloemenvandegier.nl/product/de-gier-abonnementen
[66986] Scrapen: De Gier Abonnementen
  URL: https://www.bloemenvandegier.nl/product/de-gier-abonnementen
[66987] Scrapen: De Gier Abonnementen
  URL: https://www.bloemenvandegier.nl/product/de-gier-abonnementen
  ✗ Product niet gevonden op live site (404)
  ✗ Product niet gevonden op live site (404)
  ✗ Product niet gevonden op live site (404)

--- Batch 33 voltooid (44.2%), wachten 3 seconden... ---

[66988] Scrapen: De Gier Abonnementen
  URL: https://www.bloemenvandegier.nl/product/de-gier-abonnementen
[66989] Scrapen: De Gier Abonnementen
  URL: https://www.bloemenvandegier.nl/product/de-gier-abonnementen
[66990] Scrapen: De Gier Abonnementen
  URL: https://www.bloemenvandegier.nl/product/de-gier-abonnementen
  ✗ Product niet gevonden op live site (404)
  ✗ Product niet gevonden op live site (404)
  ✗ Product niet gevonden op live site (404)

--- Batch 34 voltooid (45.5%), wachten 3 seconden... ---

[66991] Scrapen: De Gier Abonnementen
  URL: https://www.bloemenvandegier.nl/product/de-gier-abonnementen
[66992] Scrapen: De Gier Abonnementen
  URL: https://www.bloemenvandegier.nl/product/de-gier-abonnementen
[66993] Scrapen: De Gier Abonnementen
  URL: https://www.bloemenvandegier.nl/product/de-gier-abonnementen
  ✗ Product niet gevonden op live site (404)
  ✗ Product niet gevonden op live site (404)
  ✗ Product niet gevonden op live site (404)

--- Batch 35 voltooid (46.9%), wachten 3 seconden... ---

[66994] Scrapen: De Gier Abonnementen
  URL: https://www.bloemenvandegier.nl/product/de-gier-abonnementen
[66995] Scrapen: De Gier Abonnementen
  URL: https://www.bloemenvandegier.nl/product/de-gier-abonnementen
[66996] Scrapen: De Gier Abonnementen
  URL: https://www.bloemenvandegier.nl/product/de-gier-abonnementen
  ✗ Product niet gevonden op live site (404)
  ✗ Product niet gevonden op live site (404)
  ✗ Product niet gevonden op live site (404)

--- Batch 36 voltooid (48.2%), wachten 3 seconden... ---

[66997] Scrapen: De Gier Abonnementen
  URL: https://www.bloemenvandegier.nl/product/de-gier-abonnementen
[66998] Scrapen: De Gier Abonnementen
  URL: https://www.bloemenvandegier.nl/product/de-gier-abonnementen
[66999] Scrapen: De Gier Abonnementen
  URL: https://www.bloemenvandegier.nl/product/de-gier-abonnementen
  ✗ Product niet gevonden op live site (404)
  ✗ Product niet gevonden op live site (404)
  ✗ Product niet gevonden op live site (404)

--- Batch 37 voltooid (49.6%), wachten 3 seconden... ---

[67000] Scrapen: De Gier Abonnementen
  URL: https://www.bloemenvandegier.nl/product/de-gier-abonnementen
[67001] Scrapen: De Gier Abonnementen
  URL: https://www.bloemenvandegier.nl/product/de-gier-abonnementen
[67002] Scrapen: De Gier Abonnementen
  URL: https://www.bloemenvandegier.nl/product/de-gier-abonnementen
  ✗ Product niet gevonden op live site (404)
  ✗ Product niet gevonden op live site (404)
  ✗ Product niet gevonden op live site (404)

--- Batch 38 voltooid (50.9%), wachten 3 seconden... ---

[67596] Scrapen: Pistache Takken - 5 Bossen
  URL: https://www.bloemenvandegier.nl/product/pistache-takken-5-bossen
[67597] Scrapen: Pistache Takken - 10 Bossen
  URL: https://www.bloemenvandegier.nl/product/pistache-takken-10-bossen
[67598] Scrapen: Nobilis Takken - 2,5 KG
  URL: https://www.bloemenvandegier.nl/product/nobilis-takken-25-kg
  ✗ Product niet gevonden op live site (404)
  ✗ Product niet gevonden op live site (404)
  ✗ Product niet gevonden op live site (404)

--- Batch 39 voltooid (52.2%), wachten 3 seconden... ---

[67599] Scrapen: Nobilis Takken - 5 KG
  URL: https://www.bloemenvandegier.nl/product/nobilis-takken-5-kg
[67600] Scrapen: Pinus / Kiefer Takken - 5 Bossen
  URL: https://www.bloemenvandegier.nl/product/pinus-kiefer-takken-5-bossen
[67601] Scrapen: Pinus / Kiefer Takken - 10 Bossen
  URL: https://www.bloemenvandegier.nl/product/pinus-kiefer-takken-10-bossen
  ✗ Product niet gevonden op live site (404)
  ✗ Product niet gevonden op live site (404)
  ✗ Product niet gevonden op live site (404)

--- Batch 40 voltooid (53.6%), wachten 3 seconden... ---

[67602] Scrapen: Cipres Kerstgroen - 5 KG
  URL: https://www.bloemenvandegier.nl/product/cipres-kerstgroen-5-kg
[67603] Scrapen: Cipres Kerstgroen - 2,5 KG
  URL: https://www.bloemenvandegier.nl/product/cipres-kerstgroen-25-kg
[68751] Scrapen: Kerstkrans Nobilis - 30CM - 5
  URL: https://www.bloemenvandegier.nl/product/nobilis-krans-30cm-5
  ✗ Product niet gevonden op live site (404)
  ✗ Product niet gevonden op live site (404)
  ✗ Product niet gevonden op live site (404)

--- Batch 41 voltooid (54.9%), wachten 3 seconden... ---

[68752] Scrapen: Kerstkrans Nobilis - 30CM - 3
  URL: https://www.bloemenvandegier.nl/product/nobilis-krans-30cm-3
[68753] Scrapen: Kerstkrans Nobilis - 30CM - 1
  URL: https://www.bloemenvandegier.nl/product/nobilis-krans-30cm-1
[69595] Scrapen: Mistletoe / Maretak - 2 bossen
  URL: https://www.bloemenvandegier.nl/product/mistletoe-maretak-2-bossen
  ✗ Product niet gevonden op live site (404)
  ✗ Product niet gevonden op live site (404)
  ✗ Product niet gevonden op live site (404)

--- Batch 42 voltooid (56.3%), wachten 3 seconden... ---

[69596] Scrapen: Mistletoe / Maretak - 1 bos
  URL: https://www.bloemenvandegier.nl/product/mistletoe-maretak-1-bos
[69733] Scrapen: Pepperberries Vino - 2 bossen
  URL: https://www.bloemenvandegier.nl/product/pepperberries-vino-2-bossen
[69734] Scrapen: Pepperberries Vino - 1 bos
  URL: https://www.bloemenvandegier.nl/product/pepperberries-vino-1-bos
  ✗ Product niet gevonden op live site (404)
  ✗ Product niet gevonden op live site (404)
  ✗ Product niet gevonden op live site (404)

--- Batch 43 voltooid (57.6%), wachten 3 seconden... ---

[69755] Scrapen: Pepperberries Koper - 2 bossen
  URL: https://www.bloemenvandegier.nl/product/pepperberries-koper-2-bossen
[69756] Scrapen: Pepperberries Koper - 1 bos
  URL: https://www.bloemenvandegier.nl/product/pepperberries-koper-1-bos
[69765] Scrapen: Druivenhout Takken - 3
  URL: https://www.bloemenvandegier.nl/product/druivenhout-takken-3
  ✗ Product niet gevonden op live site (404)
  ✗ Product niet gevonden op live site (404)
  ✗ Product niet gevonden op live site (404)

--- Batch 44 voltooid (58.9%), wachten 3 seconden... ---

[69766] Scrapen: Druivenhout Takken - 2
  URL: https://www.bloemenvandegier.nl/product/druivenhout-takken-2
[69767] Scrapen: Druivenhout Takken - 1
  URL: https://www.bloemenvandegier.nl/product/druivenhout-takken-1
[72854] Scrapen: Magnolia Takken XL (90cm) - 3
  URL: https://www.bloemenvandegier.nl/product/magnolia-takken-xl-90cm-3
  ✗ Product niet gevonden op live site (404)
  ✗ Product niet gevonden op live site (404)
  ✗ Product niet gevonden op live site (404)

--- Batch 45 voltooid (60.3%), wachten 3 seconden... ---

[72855] Scrapen: Magnolia Takken XL (90cm) - 5
  URL: https://www.bloemenvandegier.nl/product/magnolia-takken-xl-90cm-5
[83933] Scrapen: Gipskruid + Eucalyptus + Olijftakken - Klein (3 bossen)
  URL: https://www.bloemenvandegier.nl/product/gipskruid-eucalyptus-olijftakken-klein-3-bossen
[83934] Scrapen: Gipskruid + Eucalyptus + Olijftakken - Middel (5 bossen)
  URL: https://www.bloemenvandegier.nl/product/gipskruid-eucalyptus-olijftakken-middel-5-bossen
  ✗ Product niet gevonden op live site (404)
  ✗ Product niet gevonden op live site (404)
  ✗ Product niet gevonden op live site (404)

--- Batch 46 voltooid (61.6%), wachten 3 seconden... ---

[83935] Scrapen: Gipskruid + Eucalyptus + Olijftakken - Groot (10 bossen)
  URL: https://www.bloemenvandegier.nl/product/gipskruid-eucalyptus-olijftakken-groot-10-bossen
[83936] Scrapen: Gipskruid + Eucalyptus + Olijftakken - Extra groot (20 bossen)
  URL: https://www.bloemenvandegier.nl/product/gipskruid-eucalyptus-olijftakken-extra-groot-20-bossen
[83940] Scrapen: Gipskruid + Siergras - Klein (3 bossen)
  URL: https://www.bloemenvandegier.nl/product/gipskruid-siergras-klein-3-bossen
  ✗ Product niet gevonden op live site (404)
  ✗ Product niet gevonden op live site (404)
  ✗ Product niet gevonden op live site (404)

--- Batch 47 voltooid (62.9%), wachten 3 seconden... ---

[83941] Scrapen: Gipskruid + Siergras - Middel (5 bossen)
  URL: https://www.bloemenvandegier.nl/product/gipskruid-siergras-middel-5-bossen
[83942] Scrapen: Gipskruid + Siergras - Groot (10 bossen)
  URL: https://www.bloemenvandegier.nl/product/gipskruid-siergras-groot-10-bossen
[83943] Scrapen: Gipskruid + Siergras - Extra groot (20 bossen)
  URL: https://www.bloemenvandegier.nl/product/gipskruid-siergras-extra-groot-20-bossen
  ✗ Product niet gevonden op live site (404)
  ✗ Product niet gevonden op live site (404)
  ✗ Product niet gevonden op live site (404)

--- Batch 48 voltooid (64.3%), wachten 3 seconden... ---

[84081] Scrapen: Olijftakken + Siergras - Klein (3 bossen)
  URL: https://www.bloemenvandegier.nl/product/olijftakken-siergras-klein-3-bossen
[84082] Scrapen: Olijftakken + Siergras - Middel (5 bossen)
  URL: https://www.bloemenvandegier.nl/product/olijftakken-siergras-middel-5-bossen
[84083] Scrapen: Olijftakken + Siergras - Groot (10 bossen)
  URL: https://www.bloemenvandegier.nl/product/olijftakken-siergras-groot-10-bossen
  ✗ Product niet gevonden op live site (404)
  ✗ Product niet gevonden op live site (404)
  ✗ Product niet gevonden op live site (404)

--- Batch 49 voltooid (65.6%), wachten 3 seconden... ---

[84084] Scrapen: Olijftakken + Siergras - Extra groot (20 bossen)
  URL: https://www.bloemenvandegier.nl/product/olijftakken-siergras-extra-groot-20-bossen
[84087] Scrapen: Eucalyptus + Siergras - Extra groot (20 bossen)
  URL: https://www.bloemenvandegier.nl/product/eucalyptus-siergras-extra-groot-20-bossen
[84088] Scrapen: Eucalyptus + Siergras - Groot (10 bossen)
  URL: https://www.bloemenvandegier.nl/product/eucalyptus-siergras-groot-10-bossen
  ✗ Product niet gevonden op live site (404)
  ✗ Product niet gevonden op live site (404)
  ✗ Product niet gevonden op live site (404)

--- Batch 50 voltooid (67.0%), wachten 3 seconden... ---

[84089] Scrapen: Eucalyptus + Siergras - Middel (5 bossen)
  URL: https://www.bloemenvandegier.nl/product/eucalyptus-siergras-middel-5-bossen
[84090] Scrapen: Eucalyptus + Siergras - Klein (3 bossen)
  URL: https://www.bloemenvandegier.nl/product/eucalyptus-siergras-klein-3-bossen
[84091] Scrapen: Eucalyptus + Olijftakken - Extra groot (20 bossen)
  URL: https://www.bloemenvandegier.nl/product/eucalyptus-olijftakken-extra-groot-20-bossen
  ✗ Product niet gevonden op live site (404)
  ✗ Product niet gevonden op live site (404)
  ✗ Product niet gevonden op live site (404)

--- Batch 51 voltooid (68.3%), wachten 3 seconden... ---

[84092] Scrapen: Eucalyptus + Olijftakken - Groot (10 bossen)
  URL: https://www.bloemenvandegier.nl/product/eucalyptus-olijftakken-groot-10-bossen
[84093] Scrapen: Eucalyptus + Olijftakken - Middel (5 bossen)
  URL: https://www.bloemenvandegier.nl/product/eucalyptus-olijftakken-middel-5-bossen
[84094] Scrapen: Eucalyptus + Olijftakken - Klein (3 bossen)
  URL: https://www.bloemenvandegier.nl/product/eucalyptus-olijftakken-klein-3-bossen
  ✗ Product niet gevonden op live site (404)
  ✗ Product niet gevonden op live site (404)
  ✗ Product niet gevonden op live site (404)

--- Batch 52 voltooid (69.6%), wachten 3 seconden... ---

[84095] Scrapen: Gipskruid + Olijftakken - Extra groot (20 bossen)
  URL: https://www.bloemenvandegier.nl/product/gipskruid-olijftakken-extra-groot-20-bossen
[84096] Scrapen: Gipskruid + Olijftakken - Groot (10 bossen)
  URL: https://www.bloemenvandegier.nl/product/gipskruid-olijftakken-groot-10-bossen
[84097] Scrapen: Gipskruid + Olijftakken - Middel (5 bossen)
  URL: https://www.bloemenvandegier.nl/product/gipskruid-olijftakken-middel-5-bossen
  ✗ Product niet gevonden op live site (404)
  ✗ Product niet gevonden op live site (404)
  ✗ Product niet gevonden op live site (404)

--- Batch 53 voltooid (71.0%), wachten 3 seconden... ---

[84098] Scrapen: Gipskruid + Olijftakken - Klein (3 bossen)
  URL: https://www.bloemenvandegier.nl/product/gipskruid-olijftakken-klein-3-bossen
[84099] Scrapen: Gipskruid + Eucalyptus - Extra groot (20 bossen)
  URL: https://www.bloemenvandegier.nl/product/gipskruid-eucalyptus-extra-groot-20-bossen
[84100] Scrapen: Gipskruid + Eucalyptus - Groot (10 bossen)
  URL: https://www.bloemenvandegier.nl/product/gipskruid-eucalyptus-groot-10-bossen
  ✗ Product niet gevonden op live site (404)
  ✗ Product niet gevonden op live site (404)
  ✗ Product niet gevonden op live site (404)

--- Batch 54 voltooid (72.3%), wachten 3 seconden... ---

[84101] Scrapen: Gipskruid + Eucalyptus - Middel (5 bossen)
  URL: https://www.bloemenvandegier.nl/product/gipskruid-eucalyptus-middel-5-bossen
[84102] Scrapen: Gipskruid + Eucalyptus - Klein (3 bossen)
  URL: https://www.bloemenvandegier.nl/product/gipskruid-eucalyptus-klein-3-bossen
[84103] Scrapen: Gipskruid + Eucalyptus + Olijftakken + Siergras - Extra groot (20 bossen)
  URL: https://www.bloemenvandegier.nl/product/gipskruid-eucalyptus-olijftakken-siergras-extra-groot-20-bossen
  ✗ Product niet gevonden op live site (404)
  ✗ Product niet gevonden op live site (404)
  ✗ Product niet gevonden op live site (404)

--- Batch 55 voltooid (73.7%), wachten 3 seconden... ---

[84104] Scrapen: Gipskruid + Eucalyptus + Olijftakken + Siergras - Groot (10 bossen)
  URL: https://www.bloemenvandegier.nl/product/gipskruid-eucalyptus-olijftakken-siergras-groot-10-bossen
[84105] Scrapen: Gipskruid + Eucalyptus + Olijftakken + Siergras - Middel (5 bossen)
  URL: https://www.bloemenvandegier.nl/product/gipskruid-eucalyptus-olijftakken-siergras-middel-5-bossen
[84106] Scrapen: Gipskruid + Eucalyptus + Olijftakken + Siergras - Klein (3 bossen)
  URL: https://www.bloemenvandegier.nl/product/gipskruid-eucalyptus-olijftakken-siergras-klein-3-bossen
  ✗ Product niet gevonden op live site (404)
  ✗ Product niet gevonden op live site (404)
  ✗ Product niet gevonden op live site (404)

--- Batch 56 voltooid (75.0%), wachten 3 seconden... ---

[84107] Scrapen: Bruiloftbundel Lisianthus - Extra groot (20 bossen)
  URL: https://www.bloemenvandegier.nl/product/bruiloftbundel-lisianthus-extra-groot-20-bossen
[84108] Scrapen: Bruiloftbundel Lisianthus - Groot (10 bossen)
  URL: https://www.bloemenvandegier.nl/product/bruiloftbundel-lisianthus-groot-10-bossen
[84109] Scrapen: Bruiloftbundel Lisianthus - Middel (5 bossen)
  URL: https://www.bloemenvandegier.nl/product/bruiloftbundel-lisianthus-middel-5-bossen
  ✗ Product niet gevonden op live site (404)
  ✗ Product niet gevonden op live site (404)
  ✗ Product niet gevonden op live site (404)

--- Batch 57 voltooid (76.3%), wachten 3 seconden... ---

[84110] Scrapen: Bruiloftbundel Lisianthus - Klein (3 bossen)
  URL: https://www.bloemenvandegier.nl/product/bruiloftbundel-lisianthus-klein-3-bossen
[84112] Scrapen: Bruiloftbundel Witte Rozen - Extra groot (20 bossen)
  URL: https://www.bloemenvandegier.nl/product/bruiloftbundel-witte-rozen-extra-groot-20-bossen
[84113] Scrapen: Bruiloftbundel Witte Rozen - Groot (10 bossen)
  URL: https://www.bloemenvandegier.nl/product/bruiloftbundel-witte-rozen-groot-10-bossen
  ✗ Product niet gevonden op live site (404)
  ✗ Product niet gevonden op live site (404)
  ✗ Product niet gevonden op live site (404)

--- Batch 58 voltooid (77.7%), wachten 3 seconden... ---

[84114] Scrapen: Bruiloftbundel Witte Rozen - Middel (5 bossen)
  URL: https://www.bloemenvandegier.nl/product/bruiloftbundel-witte-rozen-middel-5-bossen
[84115] Scrapen: Bruiloftbundel Witte Rozen - Klein (3 bossen)
  URL: https://www.bloemenvandegier.nl/product/bruiloftbundel-witte-rozen-klein-3-bossen
[84116] Scrapen: Bruiloftbundel Roze Rozen - Extra groot (20 bossen)
  URL: https://www.bloemenvandegier.nl/product/bruiloftbundel-roze-rozen-extra-groot-20-bossen
  ✗ Product niet gevonden op live site (404)
  ✗ Product niet gevonden op live site (404)
  ✗ Product niet gevonden op live site (404)

--- Batch 59 voltooid (79.0%), wachten 3 seconden... ---

[84117] Scrapen: Bruiloftbundel Roze Rozen - Groot (10 bossen)
  URL: https://www.bloemenvandegier.nl/product/bruiloftbundel-roze-rozen-groot-10-bossen
[84118] Scrapen: Bruiloftbundel Roze Rozen - Middel (5 bossen)
  URL: https://www.bloemenvandegier.nl/product/bruiloftbundel-roze-rozen-middel-5-bossen
[84119] Scrapen: Bruiloftbundel Roze Rozen - Klein (3 bossen)
  URL: https://www.bloemenvandegier.nl/product/bruiloftbundel-roze-rozen-klein-3-bossen
  ✗ Product niet gevonden op live site (404)
  ✗ Product niet gevonden op live site (404)
  ✗ Product niet gevonden op live site (404)

--- Batch 60 voltooid (80.4%), wachten 3 seconden... ---

[84120] Scrapen: Bruiloftbundel Gerbera's - Extra groot (20 bossen)
  URL: https://www.bloemenvandegier.nl/product/bruiloftbundel-gerberas-extra-groot-20-bossen
[84121] Scrapen: Bruiloftbundel Gerbera's - Groot (10 bossen)
  URL: https://www.bloemenvandegier.nl/product/bruiloftbundel-gerberas-groot-10-bossen
[84122] Scrapen: Bruiloftbundel Gerbera's - Middel (5 bossen)
  URL: https://www.bloemenvandegier.nl/product/bruiloftbundel-gerberas-middel-5-bossen
  ✗ Product niet gevonden op live site (404)
  ✗ Product niet gevonden op live site (404)
  ✗ Product niet gevonden op live site (404)

--- Batch 61 voltooid (81.7%), wachten 3 seconden... ---

[84123] Scrapen: Bruiloftbundel Gerbera's - Klein (3 bossen)
  URL: https://www.bloemenvandegier.nl/product/bruiloftbundel-gerberas-klein-3-bossen
[85661] Scrapen: Allium Forelock - 20
  URL: https://www.bloemenvandegier.nl/product/allium-forelock-20
[85867] Scrapen: Zomerpakket Bloemen
  URL: https://www.bloemenvandegier.nl/product/product
  ✗ Fout: HTTP 301: https://www.bloemenvandegier.nl/product/product
  ✗ Product niet gevonden op live site (404)
  ✗ Product niet gevonden op live site (404)

--- Batch 62 voltooid (83.0%), wachten 3 seconden... ---

[86340] Scrapen: Geverfde Nobilis Kerstboom - Goud
  URL: https://www.bloemenvandegier.nl/product/gouden-kerstboompje
[86392] Scrapen: Geverfde Nobilis Kerstboom – Platina
  URL: https://www.bloemenvandegier.nl/product/platina-kerstboompje
[86394] Scrapen: Geverfde Nobilis Kerstboom – Goud
  URL: https://www.bloemenvandegier.nl/product/gouden-kerstboompje
  ✗ Product niet gevonden op live site (404)
  ✗ Product niet gevonden op live site (404)
  ✗ Product niet gevonden op live site (404)

--- Batch 63 voltooid (84.4%), wachten 3 seconden... ---

[86604] Scrapen: Appelblad (salalblad) - 5
  URL: https://www.bloemenvandegier.nl/product/appelblad-salalblad-5
[86605] Scrapen: Appelblad (salalblad) - 3
  URL: https://www.bloemenvandegier.nl/product/appelblad-salalblad-3
[86606] Scrapen: Appelblad (salalblad) - 1
  URL: https://www.bloemenvandegier.nl/product/appelblad-salalblad-1
  ✗ Product niet gevonden op live site (404)
  ✗ Product niet gevonden op live site (404)
  ✗ Product niet gevonden op live site (404)

--- Batch 64 voltooid (85.7%), wachten 3 seconden... ---

[86612] Scrapen: Aspedistrablad - 30
  URL: https://www.bloemenvandegier.nl/product/aspedistrablad-30
[86613] Scrapen: Aspedistrablad - 20
  URL: https://www.bloemenvandegier.nl/product/aspedistrablad-20
[86614] Scrapen: Aspedistrablad - 10
  URL: https://www.bloemenvandegier.nl/product/aspedistrablad-10
  ✗ Product niet gevonden op live site (404)
  ✗ Product niet gevonden op live site (404)
  ✗ Product niet gevonden op live site (404)

--- Batch 65 voltooid (87.1%), wachten 3 seconden... ---

[87905] Scrapen: 120 Rode Rozen + 1 witte + Hart in het midden
  URL: https://www.bloemenvandegier.nl/product/120-rode-rozen-1-witte-hart-in-het-midden
[88918] Scrapen: Eucalyptus krans DIY
  URL: https://www.bloemenvandegier.nl/product/eucalyptus-krans-diy
[88920] Scrapen: Eucalyptus krans DIY
  URL: https://www.bloemenvandegier.nl/product/eucalyptus-krans-diy
  ✗ Fout: HTTP 301: https://www.bloemenvandegier.nl/product/eucalyptus-krans-diy
  ✗ Fout: HTTP 301: https://www.bloemenvandegier.nl/product/eucalyptus-krans-diy
  ✗ Product niet gevonden op live site (404)

--- Batch 66 voltooid (88.4%), wachten 3 seconden... ---

[88923] Scrapen: Eucalyptus krans DIY
  URL: https://www.bloemenvandegier.nl/product/eucalyptus-krans-diy
[88924] Scrapen: Eucalyptus krans DIY
  URL: https://www.bloemenvandegier.nl/product/eucalyptus-krans-diy
[90451] Scrapen: Tijm krans DIY
  URL: https://www.bloemenvandegier.nl/product/tijm-krans-diy-2
  ✗ Fout: HTTP 301: https://www.bloemenvandegier.nl/product/eucalyptus-krans-diy
  ✗ Fout: HTTP 301: https://www.bloemenvandegier.nl/product/eucalyptus-krans-diy
  ✗ Product niet gevonden op live site (404)

--- Batch 67 voltooid (89.7%), wachten 3 seconden... ---

[90452] Scrapen: Tijm krans DIY
  URL: https://www.bloemenvandegier.nl/product/tijm-krans-diy-3
[91721] Scrapen: Bonsai Takjes - Halve kist
  URL: https://www.bloemenvandegier.nl/product/bonsai-takjes-halve-kist
[91722] Scrapen: Bonsai Takjes - Volle kist
  URL: https://www.bloemenvandegier.nl/product/bonsai-takjes-volle-kist
  ✗ Product niet gevonden op live site (404)
  ✗ Product niet gevonden op live site (404)
  ✗ Product niet gevonden op live site (404)

--- Batch 68 voltooid (91.1%), wachten 3 seconden... ---

[91963] Scrapen: Cryptomeria takken - 5 Bossen
  URL: https://www.bloemenvandegier.nl/product/cryptomeria-takken-5-bossen
[91964] Scrapen: Cryptomeria takken - 10 Bossen
  URL: https://www.bloemenvandegier.nl/product/cryptomeria-takken-10-bossen
[93860] Scrapen: Larix Takjes - Volle kist
  URL: https://www.bloemenvandegier.nl/product/larix-takjes-volle-kist
  ✗ Product niet gevonden op live site (404)
  ✗ Product niet gevonden op live site (404)
  ✗ Product niet gevonden op live site (404)

--- Batch 69 voltooid (92.4%), wachten 3 seconden... ---

[93861] Scrapen: Larix Takjes - Halve kist
  URL: https://www.bloemenvandegier.nl/product/larix-takjes-halve-kist
[95233] Scrapen: Roze Hyacinten - 25
  URL: https://www.bloemenvandegier.nl/product/roze-hyacinten-25
[95234] Scrapen: Roze Hyacinten - 15
  URL: https://www.bloemenvandegier.nl/product/roze-hyacinten-15
  ✗ Product niet gevonden op live site (404)
  ✗ Product niet gevonden op live site (404)
  ✗ Product niet gevonden op live site (404)

--- Batch 70 voltooid (93.8%), wachten 3 seconden... ---

[96955] Scrapen: Speciaal rozen boeket (Emmeline)
  URL: https://www.bloemenvandegier.nl/product/speciaal-rozen-boeket-emmeline
[102154] Scrapen: Bruiloftsemmer Warme Oranje Kleuren + Gipskruid
  URL: https://www.bloemenvandegier.nl/product/bruiloftsemmer-warm-oranje
[108090] Scrapen: 55 avalanche + 5 red naomi in het midden (totaal 60)
  URL: https://www.bloemenvandegier.nl/product/55-avalanche-5-red-naomi-in-het-midden-totaal-60
  ✗ Product niet gevonden op live site (404)
  ✗ Product niet gevonden op live site (404)
  ✗ Product niet gevonden op live site (404)

--- Batch 71 voltooid (95.1%), wachten 3 seconden... ---

[113910] Scrapen: Rode rozen - 30 of meer
  URL: https://www.bloemenvandegier.nl/product/product
[120714] Scrapen: Pepperberries Mocca - 1 bos
  URL: https://www.bloemenvandegier.nl/product/pepperberries-mocca-1-bos
[120715] Scrapen: Pepperberries Mocca - 2 bossen
  URL: https://www.bloemenvandegier.nl/product/pepperberries-mocca-2-bossen
  ✗ Fout: HTTP 301: https://www.bloemenvandegier.nl/product/product
  ✗ Product niet gevonden op live site (404)
  ✗ Product niet gevonden op live site (404)

--- Batch 72 voltooid (96.4%), wachten 3 seconden... ---

[120720] Scrapen: Pepperberries Terracotta - 1 bos
  URL: https://www.bloemenvandegier.nl/product/pepperberries-terracotta-1-bos
[120721] Scrapen: Pepperberries Terracotta - 2 bossen
  URL: https://www.bloemenvandegier.nl/product/pepperberries-terracotta-2-bossen
[123313] Scrapen: Mega Kerstboeket - Groot €50,-
  URL: https://www.bloemenvandegier.nl/product/mega-kerstboeket-groot-e50
  ✗ Product niet gevonden op live site (404)
  ✗ Product niet gevonden op live site (404)
  ✗ Product niet gevonden op live site (404)

--- Batch 73 voltooid (97.8%), wachten 3 seconden... ---

[123314] Scrapen: Mega Kerstboeket - Middel €35,-
  URL: https://www.bloemenvandegier.nl/product/mega-kerstboeket-middel-e35
[163393] Scrapen: 
  URL: https://www.bloemenvandegier.nl/product/product
[168920] Scrapen: Monstera Blad (gatenplant) (kopie) - 3
  URL: https://www.bloemenvandegier.nl/product/monstera-blad-gatenplant-11
  ✗ Product niet gevonden op live site (404)
  ✗ Fout: HTTP 301: https://www.bloemenvandegier.nl/product/product
  ✗ Product niet gevonden op live site (404)

--- Batch 74 voltooid (99.1%), wachten 3 seconden... ---

[168921] Scrapen: Monstera Blad (gatenplant) (kopie) - 10
  URL: https://www.bloemenvandegier.nl/product/monstera-blad-gatenplant-12
[168922] Scrapen: Monstera Blad (gatenplant) (kopie) - 5
  URL: https://www.bloemenvandegier.nl/product/monstera-blad-gatenplant-13
  ✗ Product niet gevonden op live site (404)
  ✗ Product niet gevonden op live site (404)

Geen producten bijgewerkt

============================================================
SCRAPING RAPPORTAGE
============================================================
✓ Succesvol gescraped:     0
✗ Niet gevonden (404):     213
✗ Geen afbeeldingen:       0
✗ Fouten:                  11
============================================================
Totaal verwerkt:          224
